2023-01-12T11:20:16+00:00 CRITICAL Uncaught Error: Call to a member function get_price_html() on null in G:\laragon\www\shalom\wp-content\themes\shalom-tek\woocommerce\content-product.php:73
Stack trace:
#0 G:\laragon\www\shalom\wp-includes\template.php(785): require()
#1 G:\laragon\www\shalom\wp-content\plugins\woocommerce\includes\wc-core-functions.php(284): load_template('G:\\laragon\\www\\...', false)
#2 G:\laragon\www\shalom\wp-content\plugins\woocommerce\includes\wc-template-functions.php(994): wc_get_template_part('content', 'product')
#3 G:\laragon\www\shalom\wp-content\themes\shalom-tek\woocommerce.php(34): woocommerce_content()
#4 G:\laragon\www\shalom\wp-includes\template-loader.php(106): include('G:\\laragon\\www\\...')
#5 G:\laragon\www\shalom\wp-blog-header.php(19): require_once('G:\\laragon\\www\\...')
#6 G:\laragon\www\shalom\index.php(17): require('G:\\laragon\\www\\...')
#7 {main}
  thrown in G:\laragon\www\shalom\wp-content\themes\shalom-tek\woocommerce\content-product.php on line 73

2023-01-12T11:20:22+00:00 CRITICAL Uncaught Error: Call to a member function get_price_html() on null in G:\laragon\www\shalom\wp-content\themes\shalom-tek\woocommerce\content-product.php:73
Stack trace:
#0 G:\laragon\www\shalom\wp-includes\template.php(785): require()
#1 G:\laragon\www\shalom\wp-content\plugins\woocommerce\includes\wc-core-functions.php(284): load_template('G:\\laragon\\www\\...', false)
#2 G:\laragon\www\shalom\wp-content\themes\shalom-tek\page-home.php(90): wc_get_template_part('content', 'product')
#3 G:\laragon\www\shalom\wp-includes\template-loader.php(106): include('G:\\laragon\\www\\...')
#4 G:\laragon\www\shalom\wp-blog-header.php(19): require_once('G:\\laragon\\www\\...')
#5 G:\laragon\www\shalom\index.php(17): require('G:\\laragon\\www\\...')
#6 {main}
  thrown in G:\laragon\www\shalom\wp-content\themes\shalom-tek\woocommerce\content-product.php on line 73

